2022-02-16 10:29:19.509  INFO 2023 --- [main] com.ebook.book.BookApplication           : Starting BookApplication using Java 17.0.2 on divyeshs-MacBook-Air.local with PID 2023 (/Users/divyeshpanchani/Desktop/github/spring-boot-/book/target/classes started by divyeshpanchani in /Users/divyeshpanchani/Desktop/github/spring-boot-)
2022-02-16 10:29:19.530  INFO 2023 --- [main] com.ebook.book.BookApplication           : No active profile set, falling back to default profiles: default
2022-02-16 10:29:30.651  INFO 2023 --- [main] .s.d.r.c.RepositoryConfigurationDelegate : Bootstrapping Spring Data JPA repositories in DEFAULT mode.
2022-02-16 10:29:30.947  INFO 2023 --- [main] .s.d.r.c.RepositoryConfigurationDelegate : Finished Spring Data repository scanning in 238 ms. Found 1 JPA repository interfaces.
2022-02-16 10:29:38.334  INFO 2023 --- [main] o.s.b.w.embedded.tomcat.TomcatWebServer  : Tomcat initialized with port(s): 8080 (http)
2022-02-16 10:29:38.605  INFO 2023 --- [main] o.apache.catalina.core.StandardService   : Starting service [Tomcat]
2022-02-16 10:29:38.610  INFO 2023 --- [main] org.apache.catalina.core.StandardEngine  : Starting Servlet engine: [Apache Tomcat/9.0.56]
2022-02-16 10:29:39.403  INFO 2023 --- [main] o.a.c.c.C.[Tomcat].[localhost].[/]       : Initializing Spring embedded WebApplicationContext
2022-02-16 10:29:39.408  INFO 2023 --- [main] w.s.c.ServletWebServerApplicationContext : Root WebApplicationContext: initialization completed in 19603 ms
2022-02-16 10:29:41.013  INFO 2023 --- [main] o.hibernate.jpa.internal.util.LogHelper  : HHH000204: Processing PersistenceUnitInfo [name: default]
2022-02-16 10:29:41.284  INFO 2023 --- [main] org.hibernate.Version                    : HHH000412: Hibernate ORM core version 5.6.4.Final
2022-02-16 10:29:42.151  INFO 2023 --- [main] o.hibernate.annotations.common.Version   : HCANN000001: Hibernate Commons Annotations {5.1.2.Final}
2022-02-16 10:29:42.648  INFO 2023 --- [main] com.zaxxer.hikari.HikariDataSource       : HikariPool-1 - Starting...
2022-02-16 10:29:44.408  INFO 2023 --- [main] com.zaxxer.hikari.HikariDataSource       : HikariPool-1 - Start completed.
2022-02-16 10:29:44.621  INFO 2023 --- [main] org.hibernate.dialect.Dialect            : HHH000400: Using dialect: org.hibernate.dialect.MySQL8Dialect
2022-02-16 10:29:47.997  INFO 2023 --- [main] o.h.e.t.j.p.i.JtaPlatformInitiator       : HHH000490: Using JtaPlatform implementation: [org.hibernate.engine.transaction.jta.platform.internal.NoJtaPlatform]
2022-02-16 10:29:48.030  INFO 2023 --- [main] j.LocalContainerEntityManagerFactoryBean : Initialized JPA EntityManagerFactory for persistence unit 'default'
2022-02-16 10:29:55.362  WARN 2023 --- [main] JpaBaseConfiguration$JpaWebConfiguration : spring.jpa.open-in-view is enabled by default. Therefore, database queries may be performed during view rendering. Explicitly configure spring.jpa.open-in-view to disable this warning
2022-02-16 10:29:57.847  INFO 2023 --- [main] pertySourcedRequestMappingHandlerMapping : Mapped URL path [/v2/api-docs] onto method [springfox.documentation.swagger2.web.Swagger2Controller#getDocumentation(String, HttpServletRequest)]
2022-02-16 10:30:04.154  INFO 2023 --- [main] o.s.b.w.embedded.tomcat.TomcatWebServer  : Tomcat started on port(s): 8080 (http) with context path ''
2022-02-16 10:30:04.164  INFO 2023 --- [main] d.s.w.p.DocumentationPluginsBootstrapper : Context refreshed
2022-02-16 10:30:04.328  INFO 2023 --- [main] d.s.w.p.DocumentationPluginsBootstrapper : Found 1 custom documentation plugin(s)
2022-02-16 10:30:04.510  INFO 2023 --- [main] s.d.s.w.s.ApiListingReferenceScanner     : Scanning for api listing references
2022-02-16 10:30:06.135  INFO 2023 --- [main] com.ebook.book.BookApplication           : Started BookApplication in 50.196 seconds (JVM running for 51.83)
